01-Mar-2022 21:39:28.383 資訊 [main] org.apache.catalina.startup.VersionLoggerListener.log Server version name:   Apache Tomcat/8.5.72
01-Mar-2022 21:39:28.398 資訊 [main] org.apache.catalina.startup.VersionLoggerListener.log Server built:          Oct 1 2021 15:15:33 UTC
01-Mar-2022 21:39:28.398 資訊 [main] org.apache.catalina.startup.VersionLoggerListener.log Server version number: 8.5.72.0
01-Mar-2022 21:39:28.398 資訊 [main] org.apache.catalina.startup.VersionLoggerListener.log OS Name:               Windows 10
01-Mar-2022 21:39:28.398 資訊 [main] org.apache.catalina.startup.VersionLoggerListener.log OS Version:            10.0
01-Mar-2022 21:39:28.398 資訊 [main] org.apache.catalina.startup.VersionLoggerListener.log Architecture:          amd64
01-Mar-2022 21:39:28.398 資訊 [main] org.apache.catalina.startup.VersionLoggerListener.log Java Home:             C:\Program Files\Java\jdk1.8.0_311\jre
01-Mar-2022 21:39:28.398 資訊 [main] org.apache.catalina.startup.VersionLoggerListener.log JVM Version:           1.8.0_311-b11
01-Mar-2022 21:39:28.414 資訊 [main] org.apache.catalina.startup.VersionLoggerListener.log JVM Vendor:            Oracle Corporation
01-Mar-2022 21:39:28.414 資訊 [main] org.apache.catalina.startup.VersionLoggerListener.log CATALINA_BASE:         D:\xampp\tomcat
01-Mar-2022 21:39:28.414 資訊 [main] org.apache.catalina.startup.VersionLoggerListener.log CATALINA_HOME:         D:\xampp\tomcat
01-Mar-2022 21:39:28.414 資訊 [main] org.apache.catalina.startup.VersionLoggerListener.log Command line argument: -Djava.util.logging.config.file=D:\xampp\tomcat\conf\logging.properties
01-Mar-2022 21:39:28.414 資訊 [main] org.apache.catalina.startup.VersionLoggerListener.log Command line argument: -Djava.util.logging.manager=org.apache.juli.ClassLoaderLogManager
01-Mar-2022 21:39:28.414 資訊 [main] org.apache.catalina.startup.VersionLoggerListener.log Command line argument: -Djdk.tls.ephemeralDHKeySize=2048
01-Mar-2022 21:39:28.414 資訊 [main] org.apache.catalina.startup.VersionLoggerListener.log Command line argument: -Djava.protocol.handler.pkgs=org.apache.catalina.webresources
01-Mar-2022 21:39:28.414 資訊 [main] org.apache.catalina.startup.VersionLoggerListener.log Command line argument: -Dignore.endorsed.dirs=
01-Mar-2022 21:39:28.414 資訊 [main] org.apache.catalina.startup.VersionLoggerListener.log Command line argument: -Dcatalina.base=D:\xampp\tomcat
01-Mar-2022 21:39:28.414 資訊 [main] org.apache.catalina.startup.VersionLoggerListener.log Command line argument: -Dcatalina.home=D:\xampp\tomcat
01-Mar-2022 21:39:28.414 資訊 [main] org.apache.catalina.startup.VersionLoggerListener.log Command line argument: -Djava.io.tmpdir=D:\xampp\tomcat\temp
01-Mar-2022 21:39:28.414 資訊 [main] org.apache.catalina.core.AprLifecycleListener.lifecycleEvent The Apache Tomcat Native library which allows using OpenSSL was not found on the java.library.path: [C:\Program Files\Java\jdk1.8.0_311\bin;C:\Windows\Sun\Java\bin;C:\Windows\system32;C:\Windows;C:\Program Files\ibm\gsk8\lib64;C:\Program Files\ibm\gsk8\bin;C:\Program Files\Java\jdk-14\bin;C:\Program Files\Java\jdk-11.0.13\bin;C:\Program Files\Common Files\Oracle\Java\javapath;C:\Program Files\Java\jdk1.8.0_311\bin;C:\Program Files (x86)\Common Files\Oracle\Java\javapath;C:\Windows\system32;C:\Windows;C:\Windows\System32\Wbem;C:\Windows\System32\WindowsPowerShell\v1.0\;C:\Windows\System32\OpenSSH\;C:\Program Files (x86)\Microsoft SQL Server\110\Tools\Binn\;C:\Program Files\Microsoft SQL Server\110\Tools\Binn\;C:\Program Files\Microsoft SQL Server\110\DTS\Binn\;C:\Program Files (x86)\Microsoft SQL Server\150\DTS\Binn\;C:\Program Files\Azure Data Studio\bin;C:\Program Files\Microsoft VS Code\bin;C:\Program Files\nodejs\;C:\Program Files\Git\cmd;C:\Program Files\TortoiseGit\bin;C:\Users\LAN\AppData\Local\Microsoft\WindowsApps;C:\Program Files\Azure Data Studio\bin;C:\Users\LAN\AppData\Roaming\npm;C:\Users\LAN\AppData\Local\GitHubDesktop\bin;.]
01-Mar-2022 21:39:28.633 資訊 [main] org.apache.coyote.AbstractProtocol.init Initializing ProtocolHandler ["http-nio-8080"]
01-Mar-2022 21:39:28.758 資訊 [main] org.apache.tomcat.util.net.NioSelectorPool.getSharedSelector Using a shared selector for servlet write/read
01-Mar-2022 21:39:28.774 資訊 [main] org.apache.catalina.startup.Catalina.load Initialization processed in 880 ms
01-Mar-2022 21:39:29.279 資訊 [main] org.apache.catalina.core.StandardService.startInternal Starting service [Catalina]
01-Mar-2022 21:39:29.279 資訊 [main] org.apache.catalina.core.StandardEngine.startInternal Starting Servlet engine: [Apache Tomcat/8.5.72]
01-Mar-2022 21:39:29.453 資訊 [localhost-startStop-1] org.apache.catalina.startup.HostConfig.deployDirectory Deploying web application directory [D:\xampp\tomcat\webapps\docs]
01-Mar-2022 21:39:29.853 資訊 [localhost-startStop-1] org.apache.catalina.startup.HostConfig.deployDirectory Deployment of web application directory [D:\xampp\tomcat\webapps\docs] has finished in [400] ms
01-Mar-2022 21:39:29.853 資訊 [localhost-startStop-1] org.apache.catalina.startup.HostConfig.deployDirectory Deploying web application directory [D:\xampp\tomcat\webapps\examples]
01-Mar-2022 21:39:30.479 資訊 [localhost-startStop-1] org.apache.catalina.startup.HostConfig.deployDirectory Deployment of web application directory [D:\xampp\tomcat\webapps\examples] has finished in [626] ms
01-Mar-2022 21:39:30.479 資訊 [localhost-startStop-1] org.apache.catalina.startup.HostConfig.deployDirectory Deploying web application directory [D:\xampp\tomcat\webapps\host-manager]
01-Mar-2022 21:39:30.510 資訊 [localhost-startStop-1] org.apache.catalina.startup.HostConfig.deployDirectory Deployment of web application directory [D:\xampp\tomcat\webapps\host-manager] has finished in [31] ms
01-Mar-2022 21:39:30.510 資訊 [localhost-startStop-1] org.apache.catalina.startup.HostConfig.deployDirectory Deploying web application directory [D:\xampp\tomcat\webapps\manager]
01-Mar-2022 21:39:30.557 資訊 [localhost-startStop-1] org.apache.catalina.startup.HostConfig.deployDirectory Deployment of web application directory [D:\xampp\tomcat\webapps\manager] has finished in [47] ms
01-Mar-2022 21:39:30.557 資訊 [localhost-startStop-1] org.apache.catalina.startup.HostConfig.deployDirectory Deploying web application directory [D:\xampp\tomcat\webapps\ROOT]
01-Mar-2022 21:39:30.588 資訊 [localhost-startStop-1] org.apache.catalina.startup.HostConfig.deployDirectory Deployment of web application directory [D:\xampp\tomcat\webapps\ROOT] has finished in [31] ms
01-Mar-2022 21:39:30.588 資訊 [main] org.apache.coyote.AbstractProtocol.start Starting ProtocolHandler ["http-nio-8080"]
01-Mar-2022 21:39:30.604 資訊 [main] org.apache.catalina.startup.Catalina.start Server startup in 1832 ms
01-Mar-2022 21:51:11.094 資訊 [localhost-startStop-2] org.apache.catalina.startup.HostConfig.deployDirectory Deploying web application directory [D:\xampp\tomcat\webapps\.git]
01-Mar-2022 21:51:11.139 資訊 [localhost-startStop-2] org.apache.catalina.startup.HostConfig.deployDirectory Deployment of web application directory [D:\xampp\tomcat\webapps\.git] has finished in [45] ms
01-Mar-2022 21:54:55.334 資訊 [main] org.apache.catalina.core.StandardServer.await A valid shutdown command was received via the shutdown port. Stopping the Server instance.
01-Mar-2022 21:54:55.334 資訊 [main] org.apache.coyote.AbstractProtocol.pause Pausing ProtocolHandler ["http-nio-8080"]
01-Mar-2022 21:54:55.416 資訊 [main] org.apache.catalina.core.StandardService.stopInternal Stopping service [Catalina]
01-Mar-2022 21:54:55.447 資訊 [main] org.apache.coyote.AbstractProtocol.stop Stopping ProtocolHandler ["http-nio-8080"]
01-Mar-2022 21:54:55.447 資訊 [main] org.apache.coyote.AbstractProtocol.destroy Destroying ProtocolHandler ["http-nio-8080"]
01-Mar-2022 21:55:03.439 資訊 [main] org.apache.catalina.startup.VersionLoggerListener.log Server version name:   Apache Tomcat/8.5.72
01-Mar-2022 21:55:03.439 資訊 [main] org.apache.catalina.startup.VersionLoggerListener.log Server built:          Oct 1 2021 15:15:33 UTC
01-Mar-2022 21:55:03.439 資訊 [main] org.apache.catalina.startup.VersionLoggerListener.log Server version number: 8.5.72.0
01-Mar-2022 21:55:03.439 資訊 [main] org.apache.catalina.startup.VersionLoggerListener.log OS Name:               Windows 10
01-Mar-2022 21:55:03.439 資訊 [main] org.apache.catalina.startup.VersionLoggerListener.log OS Version:            10.0
01-Mar-2022 21:55:03.455 資訊 [main] org.apache.catalina.startup.VersionLoggerListener.log Architecture:          amd64
01-Mar-2022 21:55:03.455 資訊 [main] org.apache.catalina.startup.VersionLoggerListener.log Java Home:             C:\Program Files\Java\jdk1.8.0_311\jre
01-Mar-2022 21:55:03.455 資訊 [main] org.apache.catalina.startup.VersionLoggerListener.log JVM Version:           1.8.0_311-b11
01-Mar-2022 21:55:03.455 資訊 [main] org.apache.catalina.startup.VersionLoggerListener.log JVM Vendor:            Oracle Corporation
01-Mar-2022 21:55:03.455 資訊 [main] org.apache.catalina.startup.VersionLoggerListener.log CATALINA_BASE:         D:\xampp\tomcat
01-Mar-2022 21:55:03.455 資訊 [main] org.apache.catalina.startup.VersionLoggerListener.log CATALINA_HOME:         D:\xampp\tomcat
01-Mar-2022 21:55:03.455 資訊 [main] org.apache.catalina.startup.VersionLoggerListener.log Command line argument: -Djava.util.logging.config.file=D:\xampp\tomcat\conf\logging.properties
01-Mar-2022 21:55:03.455 資訊 [main] org.apache.catalina.startup.VersionLoggerListener.log Command line argument: -Djava.util.logging.manager=org.apache.juli.ClassLoaderLogManager
01-Mar-2022 21:55:03.455 資訊 [main] org.apache.catalina.startup.VersionLoggerListener.log Command line argument: -Djdk.tls.ephemeralDHKeySize=2048
01-Mar-2022 21:55:03.455 資訊 [main] org.apache.catalina.startup.VersionLoggerListener.log Command line argument: -Djava.protocol.handler.pkgs=org.apache.catalina.webresources
01-Mar-2022 21:55:03.455 資訊 [main] org.apache.catalina.startup.VersionLoggerListener.log Command line argument: -Dignore.endorsed.dirs=
01-Mar-2022 21:55:03.455 資訊 [main] org.apache.catalina.startup.VersionLoggerListener.log Command line argument: -Dcatalina.base=D:\xampp\tomcat
01-Mar-2022 21:55:03.455 資訊 [main] org.apache.catalina.startup.VersionLoggerListener.log Command line argument: -Dcatalina.home=D:\xampp\tomcat
01-Mar-2022 21:55:03.455 資訊 [main] org.apache.catalina.startup.VersionLoggerListener.log Command line argument: -Djava.io.tmpdir=D:\xampp\tomcat\temp
01-Mar-2022 21:55:03.455 資訊 [main] org.apache.catalina.core.AprLifecycleListener.lifecycleEvent The Apache Tomcat Native library which allows using OpenSSL was not found on the java.library.path: [C:\Program Files\Java\jdk1.8.0_311\bin;C:\Windows\Sun\Java\bin;C:\Windows\system32;C:\Windows;C:\Program Files\ibm\gsk8\lib64;C:\Program Files\ibm\gsk8\bin;C:\Program Files\Java\jdk-14\bin;C:\Program Files\Java\jdk-11.0.13\bin;C:\Program Files\Common Files\Oracle\Java\javapath;C:\Program Files\Java\jdk1.8.0_311\bin;C:\Program Files (x86)\Common Files\Oracle\Java\javapath;C:\Windows\system32;C:\Windows;C:\Windows\System32\Wbem;C:\Windows\System32\WindowsPowerShell\v1.0\;C:\Windows\System32\OpenSSH\;C:\Program Files (x86)\Microsoft SQL Server\110\Tools\Binn\;C:\Program Files\Microsoft SQL Server\110\Tools\Binn\;C:\Program Files\Microsoft SQL Server\110\DTS\Binn\;C:\Program Files (x86)\Microsoft SQL Server\150\DTS\Binn\;C:\Program Files\Azure Data Studio\bin;C:\Program Files\Microsoft VS Code\bin;C:\Program Files\nodejs\;C:\Program Files\Git\cmd;C:\Program Files\TortoiseGit\bin;C:\Users\LAN\AppData\Local\Microsoft\WindowsApps;C:\Program Files\Azure Data Studio\bin;C:\Users\LAN\AppData\Roaming\npm;C:\Users\LAN\AppData\Local\GitHubDesktop\bin;.]
01-Mar-2022 21:55:03.596 資訊 [main] org.apache.coyote.AbstractProtocol.init Initializing ProtocolHandler ["http-nio-2020"]
01-Mar-2022 21:55:03.705 資訊 [main] org.apache.tomcat.util.net.NioSelectorPool.getSharedSelector Using a shared selector for servlet write/read
01-Mar-2022 21:55:03.705 資訊 [main] org.apache.catalina.startup.Catalina.load Initialization processed in 623 ms
01-Mar-2022 21:55:03.783 資訊 [main] org.apache.catalina.core.StandardService.startInternal Starting service [Catalina]
01-Mar-2022 21:55:03.783 資訊 [main] org.apache.catalina.core.StandardEngine.startInternal Starting Servlet engine: [Apache Tomcat/8.5.72]
01-Mar-2022 21:55:03.799 資訊 [localhost-startStop-1] org.apache.catalina.startup.HostConfig.deployDirectory Deploying web application directory [D:\xampp\tomcat\webapps\.git]
01-Mar-2022 21:55:04.017 資訊 [localhost-startStop-1] org.apache.catalina.startup.HostConfig.deployDirectory Deployment of web application directory [D:\xampp\tomcat\webapps\.git] has finished in [218] ms
01-Mar-2022 21:55:04.017 資訊 [localhost-startStop-1] org.apache.catalina.startup.HostConfig.deployDirectory Deploying web application directory [D:\xampp\tomcat\webapps\docs]
01-Mar-2022 21:55:04.033 資訊 [localhost-startStop-1] org.apache.catalina.startup.HostConfig.deployDirectory Deployment of web application directory [D:\xampp\tomcat\webapps\docs] has finished in [16] ms
01-Mar-2022 21:55:04.033 資訊 [localhost-startStop-1] org.apache.catalina.startup.HostConfig.deployDirectory Deploying web application directory [D:\xampp\tomcat\webapps\examples]
01-Mar-2022 21:55:04.314 資訊 [localhost-startStop-1] org.apache.catalina.startup.HostConfig.deployDirectory Deployment of web application directory [D:\xampp\tomcat\webapps\examples] has finished in [281] ms
01-Mar-2022 21:55:04.314 資訊 [localhost-startStop-1] org.apache.catalina.startup.HostConfig.deployDirectory Deploying web application directory [D:\xampp\tomcat\webapps\host-manager]
01-Mar-2022 21:55:04.330 資訊 [localhost-startStop-1] org.apache.catalina.startup.HostConfig.deployDirectory Deployment of web application directory [D:\xampp\tomcat\webapps\host-manager] has finished in [16] ms
01-Mar-2022 21:55:04.330 資訊 [localhost-startStop-1] org.apache.catalina.startup.HostConfig.deployDirectory Deploying web application directory [D:\xampp\tomcat\webapps\manager]
01-Mar-2022 21:55:04.361 資訊 [localhost-startStop-1] org.apache.catalina.startup.HostConfig.deployDirectory Deployment of web application directory [D:\xampp\tomcat\webapps\manager] has finished in [31] ms
01-Mar-2022 21:55:04.361 資訊 [localhost-startStop-1] org.apache.catalina.startup.HostConfig.deployDirectory Deploying web application directory [D:\xampp\tomcat\webapps\ROOT]
01-Mar-2022 21:55:04.392 資訊 [localhost-startStop-1] org.apache.catalina.startup.HostConfig.deployDirectory Deployment of web application directory [D:\xampp\tomcat\webapps\ROOT] has finished in [31] ms
01-Mar-2022 21:55:04.408 資訊 [main] org.apache.coyote.AbstractProtocol.start Starting ProtocolHandler ["http-nio-2020"]
01-Mar-2022 21:55:04.408 資訊 [main] org.apache.catalina.startup.Catalina.start Server startup in 695 ms
01-Mar-2022 21:56:31.467 資訊 [main] org.apache.catalina.startup.VersionLoggerListener.log Server version name:   Apache Tomcat/8.5.72
01-Mar-2022 21:56:31.467 資訊 [main] org.apache.catalina.startup.VersionLoggerListener.log Server built:          Oct 1 2021 15:15:33 UTC
01-Mar-2022 21:56:31.467 資訊 [main] org.apache.catalina.startup.VersionLoggerListener.log Server version number: 8.5.72.0
01-Mar-2022 21:56:31.467 資訊 [main] org.apache.catalina.startup.VersionLoggerListener.log OS Name:               Windows 10
01-Mar-2022 21:56:31.467 資訊 [main] org.apache.catalina.startup.VersionLoggerListener.log OS Version:            10.0
01-Mar-2022 21:56:31.467 資訊 [main] org.apache.catalina.startup.VersionLoggerListener.log Architecture:          amd64
01-Mar-2022 21:56:31.467 資訊 [main] org.apache.catalina.startup.VersionLoggerListener.log Java Home:             C:\Program Files\Java\jdk1.8.0_311\jre
01-Mar-2022 21:56:31.467 資訊 [main] org.apache.catalina.startup.VersionLoggerListener.log JVM Version:           1.8.0_311-b11
01-Mar-2022 21:56:31.467 資訊 [main] org.apache.catalina.startup.VersionLoggerListener.log JVM Vendor:            Oracle Corporation
01-Mar-2022 21:56:31.467 資訊 [main] org.apache.catalina.startup.VersionLoggerListener.log CATALINA_BASE:         D:\xampp\tomcat
01-Mar-2022 21:56:31.467 資訊 [main] org.apache.catalina.startup.VersionLoggerListener.log CATALINA_HOME:         D:\xampp\tomcat
01-Mar-2022 21:56:31.467 資訊 [main] org.apache.catalina.startup.VersionLoggerListener.log Command line argument: -Djava.util.logging.config.file=D:\xampp\tomcat\conf\logging.properties
01-Mar-2022 21:56:31.467 資訊 [main] org.apache.catalina.startup.VersionLoggerListener.log Command line argument: -Djava.util.logging.manager=org.apache.juli.ClassLoaderLogManager
01-Mar-2022 21:56:31.467 資訊 [main] org.apache.catalina.startup.VersionLoggerListener.log Command line argument: -Djdk.tls.ephemeralDHKeySize=2048
01-Mar-2022 21:56:31.467 資訊 [main] org.apache.catalina.startup.VersionLoggerListener.log Command line argument: -Djava.protocol.handler.pkgs=org.apache.catalina.webresources
01-Mar-2022 21:56:31.467 資訊 [main] org.apache.catalina.startup.VersionLoggerListener.log Command line argument: -Dignore.endorsed.dirs=
01-Mar-2022 21:56:31.467 資訊 [main] org.apache.catalina.startup.VersionLoggerListener.log Command line argument: -Dcatalina.base=D:\xampp\tomcat
01-Mar-2022 21:56:31.467 資訊 [main] org.apache.catalina.startup.VersionLoggerListener.log Command line argument: -Dcatalina.home=D:\xampp\tomcat
01-Mar-2022 21:56:31.483 資訊 [main] org.apache.catalina.startup.VersionLoggerListener.log Command line argument: -Djava.io.tmpdir=D:\xampp\tomcat\temp
01-Mar-2022 21:56:31.483 資訊 [main] org.apache.catalina.core.AprLifecycleListener.lifecycleEvent The Apache Tomcat Native library which allows using OpenSSL was not found on the java.library.path: [C:\Program Files\Java\jdk1.8.0_311\bin;C:\Windows\Sun\Java\bin;C:\Windows\system32;C:\Windows;C:\Program Files\ibm\gsk8\lib64;C:\Program Files\ibm\gsk8\bin;C:\Program Files\Java\jdk-14\bin;C:\Program Files\Java\jdk-11.0.13\bin;C:\Program Files\Common Files\Oracle\Java\javapath;C:\Program Files\Java\jdk1.8.0_311\bin;C:\Program Files (x86)\Common Files\Oracle\Java\javapath;C:\Windows\system32;C:\Windows;C:\Windows\System32\Wbem;C:\Windows\System32\WindowsPowerShell\v1.0\;C:\Windows\System32\OpenSSH\;C:\Program Files (x86)\Microsoft SQL Server\110\Tools\Binn\;C:\Program Files\Microsoft SQL Server\110\Tools\Binn\;C:\Program Files\Microsoft SQL Server\110\DTS\Binn\;C:\Program Files (x86)\Microsoft SQL Server\150\DTS\Binn\;C:\Program Files\Azure Data Studio\bin;C:\Program Files\Microsoft VS Code\bin;C:\Program Files\nodejs\;C:\Program Files\Git\cmd;C:\Program Files\TortoiseGit\bin;C:\Users\LAN\AppData\Local\Microsoft\WindowsApps;C:\Program Files\Azure Data Studio\bin;C:\Users\LAN\AppData\Roaming\npm;C:\Users\LAN\AppData\Local\GitHubDesktop\bin;.]
01-Mar-2022 21:56:31.623 資訊 [main] org.apache.coyote.AbstractProtocol.init Initializing ProtocolHandler ["http-nio-2020"]
01-Mar-2022 21:56:31.639 嚴重 [main] org.apache.catalina.core.StandardService.initInternal Failed to initialize connector [Connector[HTTP/1.1-2020]]
	org.apache.catalina.LifecycleException: Protocol handler initialization failed
		at org.apache.catalina.connector.Connector.initInternal(Connector.java:1076)
		at org.apache.catalina.util.LifecycleBase.init(LifecycleBase.java:136)
		at org.apache.catalina.core.StandardService.initInternal(StandardService.java:552)
		at org.apache.catalina.util.LifecycleBase.init(LifecycleBase.java:136)
		at org.apache.catalina.core.StandardServer.initInternal(StandardServer.java:843)
		at org.apache.catalina.util.LifecycleBase.init(LifecycleBase.java:136)
		at org.apache.catalina.startup.Catalina.load(Catalina.java:639)
		at org.apache.catalina.startup.Catalina.load(Catalina.java:662)
		at sun.reflect.NativeMethodAccessorImpl.invoke0(Native Method)
		at sun.reflect.NativeMethodAccessorImpl.invoke(NativeMethodAccessorImpl.java:62)
		at sun.reflect.DelegatingMethodAccessorImpl.invoke(DelegatingMethodAccessorImpl.java:43)
		at java.lang.reflect.Method.invoke(Method.java:498)
		at org.apache.catalina.startup.Bootstrap.load(Bootstrap.java:305)
		at org.apache.catalina.startup.Bootstrap.main(Bootstrap.java:475)
	Caused by: java.net.BindException: Address already in use: bind
		at sun.nio.ch.Net.bind0(Native Method)
		at sun.nio.ch.Net.bind(Net.java:438)
		at sun.nio.ch.Net.bind(Net.java:430)
		at sun.nio.ch.ServerSocketChannelImpl.bind(ServerSocketChannelImpl.java:225)
		at sun.nio.ch.ServerSocketAdaptor.bind(ServerSocketAdaptor.java:74)
		at org.apache.tomcat.util.net.NioEndpoint.bind(NioEndpoint.java:221)
		at org.apache.tomcat.util.net.AbstractEndpoint.init(AbstractEndpoint.java:1147)
		at org.apache.tomcat.util.net.AbstractJsseEndpoint.init(AbstractJsseEndpoint.java:222)
		at org.apache.coyote.AbstractProtocol.init(AbstractProtocol.java:599)
		at org.apache.coyote.http11.AbstractHttp11Protocol.init(AbstractHttp11Protocol.java:80)
		at org.apache.catalina.connector.Connector.initInternal(Connector.java:1074)
		... 13 more
01-Mar-2022 21:56:31.639 資訊 [main] org.apache.catalina.startup.Catalina.load Initialization processed in 515 ms
01-Mar-2022 21:56:31.717 資訊 [main] org.apache.catalina.core.StandardService.startInternal Starting service [Catalina]
01-Mar-2022 21:56:31.717 資訊 [main] org.apache.catalina.core.StandardEngine.startInternal Starting Servlet engine: [Apache Tomcat/8.5.72]
01-Mar-2022 21:56:31.717 資訊 [localhost-startStop-1] org.apache.catalina.startup.HostConfig.deployDirectory Deploying web application directory [D:\xampp\tomcat\webapps\.git]
01-Mar-2022 21:56:32.030 資訊 [localhost-startStop-1] org.apache.catalina.startup.HostConfig.deployDirectory Deployment of web application directory [D:\xampp\tomcat\webapps\.git] has finished in [313] ms
01-Mar-2022 21:56:32.030 資訊 [localhost-startStop-1] org.apache.catalina.startup.HostConfig.deployDirectory Deploying web application directory [D:\xampp\tomcat\webapps\docs]
01-Mar-2022 21:56:32.045 資訊 [localhost-startStop-1] org.apache.catalina.startup.HostConfig.deployDirectory Deployment of web application directory [D:\xampp\tomcat\webapps\docs] has finished in [15] ms
01-Mar-2022 21:56:32.045 資訊 [localhost-startStop-1] org.apache.catalina.startup.HostConfig.deployDirectory Deploying web application directory [D:\xampp\tomcat\webapps\examples]
01-Mar-2022 21:56:32.311 資訊 [localhost-startStop-1] org.apache.catalina.startup.HostConfig.deployDirectory Deployment of web application directory [D:\xampp\tomcat\webapps\examples] has finished in [266] ms
01-Mar-2022 21:56:32.311 資訊 [localhost-startStop-1] org.apache.catalina.startup.HostConfig.deployDirectory Deploying web application directory [D:\xampp\tomcat\webapps\host-manager]
01-Mar-2022 21:56:32.342 資訊 [localhost-startStop-1] org.apache.catalina.startup.HostConfig.deployDirectory Deployment of web application directory [D:\xampp\tomcat\webapps\host-manager] has finished in [31] ms
01-Mar-2022 21:56:32.342 資訊 [localhost-startStop-1] org.apache.catalina.startup.HostConfig.deployDirectory Deploying web application directory [D:\xampp\tomcat\webapps\manager]
01-Mar-2022 21:56:32.374 資訊 [localhost-startStop-1] org.apache.catalina.startup.HostConfig.deployDirectory Deployment of web application directory [D:\xampp\tomcat\webapps\manager] has finished in [32] ms
01-Mar-2022 21:56:32.374 資訊 [localhost-startStop-1] org.apache.catalina.startup.HostConfig.deployDirectory Deploying web application directory [D:\xampp\tomcat\webapps\ROOT]
01-Mar-2022 21:56:32.389 資訊 [localhost-startStop-1] org.apache.catalina.startup.HostConfig.deployDirectory Deployment of web application directory [D:\xampp\tomcat\webapps\ROOT] has finished in [15] ms
01-Mar-2022 21:56:32.389 資訊 [main] org.apache.catalina.startup.Catalina.start Server startup in 761 ms
01-Mar-2022 21:56:32.405 嚴重 [main] org.apache.catalina.core.StandardServer.await StandardServer.await: create[localhost:8005]: 
	java.net.BindException: Address already in use: JVM_Bind
		at java.net.DualStackPlainSocketImpl.bind0(Native Method)
		at java.net.DualStackPlainSocketImpl.socketBind(DualStackPlainSocketImpl.java:102)
		at java.net.AbstractPlainSocketImpl.bind(AbstractPlainSocketImpl.java:513)
		at java.net.PlainSocketImpl.bind(PlainSocketImpl.java:180)
		at java.net.ServerSocket.bind(ServerSocket.java:375)
		at java.net.ServerSocket.<init>(ServerSocket.java:237)
		at org.apache.catalina.core.StandardServer.await(StandardServer.java:414)
		at org.apache.catalina.startup.Catalina.await(Catalina.java:776)
		at org.apache.catalina.startup.Catalina.start(Catalina.java:722)
		at sun.reflect.NativeMethodAccessorImpl.invoke0(Native Method)
		at sun.reflect.NativeMethodAccessorImpl.invoke(NativeMethodAccessorImpl.java:62)
		at sun.reflect.DelegatingMethodAccessorImpl.invoke(DelegatingMethodAccessorImpl.java:43)
		at java.lang.reflect.Method.invoke(Method.java:498)
		at org.apache.catalina.startup.Bootstrap.start(Bootstrap.java:345)
		at org.apache.catalina.startup.Bootstrap.main(Bootstrap.java:476)
01-Mar-2022 21:56:32.405 資訊 [main] org.apache.coyote.AbstractProtocol.pause Pausing ProtocolHandler ["http-nio-2020"]
01-Mar-2022 21:56:32.405 資訊 [main] org.apache.catalina.core.StandardService.stopInternal Stopping service [Catalina]
01-Mar-2022 21:56:32.420 資訊 [main] org.apache.coyote.AbstractProtocol.stop Stopping ProtocolHandler ["http-nio-2020"]
01-Mar-2022 21:56:32.420 資訊 [main] org.apache.coyote.AbstractProtocol.destroy Destroying ProtocolHandler ["http-nio-2020"]
01-Mar-2022 21:58:01.008 資訊 [main] org.apache.catalina.startup.VersionLoggerListener.log Server version name:   Apache Tomcat/8.5.72
01-Mar-2022 21:58:01.008 資訊 [main] org.apache.catalina.startup.VersionLoggerListener.log Server built:          Oct 1 2021 15:15:33 UTC
01-Mar-2022 21:58:01.008 資訊 [main] org.apache.catalina.startup.VersionLoggerListener.log Server version number: 8.5.72.0
01-Mar-2022 21:58:01.008 資訊 [main] org.apache.catalina.startup.VersionLoggerListener.log OS Name:               Windows 10
01-Mar-2022 21:58:01.008 資訊 [main] org.apache.catalina.startup.VersionLoggerListener.log OS Version:            10.0
01-Mar-2022 21:58:01.008 資訊 [main] org.apache.catalina.startup.VersionLoggerListener.log Architecture:          amd64
01-Mar-2022 21:58:01.008 資訊 [main] org.apache.catalina.startup.VersionLoggerListener.log Java Home:             C:\Program Files\Java\jdk1.8.0_311\jre
01-Mar-2022 21:58:01.008 資訊 [main] org.apache.catalina.startup.VersionLoggerListener.log JVM Version:           1.8.0_311-b11
01-Mar-2022 21:58:01.008 資訊 [main] org.apache.catalina.startup.VersionLoggerListener.log JVM Vendor:            Oracle Corporation
01-Mar-2022 21:58:01.008 資訊 [main] org.apache.catalina.startup.VersionLoggerListener.log CATALINA_BASE:         D:\xampp\tomcat
01-Mar-2022 21:58:01.023 資訊 [main] org.apache.catalina.startup.VersionLoggerListener.log CATALINA_HOME:         D:\xampp\tomcat
01-Mar-2022 21:58:01.023 資訊 [main] org.apache.catalina.startup.VersionLoggerListener.log Command line argument: -Djava.util.logging.config.file=D:\xampp\tomcat\conf\logging.properties
01-Mar-2022 21:58:01.023 資訊 [main] org.apache.catalina.startup.VersionLoggerListener.log Command line argument: -Djava.util.logging.manager=org.apache.juli.ClassLoaderLogManager
01-Mar-2022 21:58:01.023 資訊 [main] org.apache.catalina.startup.VersionLoggerListener.log Command line argument: -Djdk.tls.ephemeralDHKeySize=2048
01-Mar-2022 21:58:01.023 資訊 [main] org.apache.catalina.startup.VersionLoggerListener.log Command line argument: -Djava.protocol.handler.pkgs=org.apache.catalina.webresources
01-Mar-2022 21:58:01.023 資訊 [main] org.apache.catalina.startup.VersionLoggerListener.log Command line argument: -Dignore.endorsed.dirs=
01-Mar-2022 21:58:01.023 資訊 [main] org.apache.catalina.startup.VersionLoggerListener.log Command line argument: -Dcatalina.base=D:\xampp\tomcat
01-Mar-2022 21:58:01.023 資訊 [main] org.apache.catalina.startup.VersionLoggerListener.log Command line argument: -Dcatalina.home=D:\xampp\tomcat
01-Mar-2022 21:58:01.023 資訊 [main] org.apache.catalina.startup.VersionLoggerListener.log Command line argument: -Djava.io.tmpdir=D:\xampp\tomcat\temp
01-Mar-2022 21:58:01.023 資訊 [main] org.apache.catalina.core.AprLifecycleListener.lifecycleEvent The Apache Tomcat Native library which allows using OpenSSL was not found on the java.library.path: [C:\Program Files\Java\jdk1.8.0_311\bin;C:\Windows\Sun\Java\bin;C:\Windows\system32;C:\Windows;C:\Program Files\ibm\gsk8\lib64;C:\Program Files\ibm\gsk8\bin;C:\Program Files\Java\jdk-14\bin;C:\Program Files\Java\jdk-11.0.13\bin;C:\Program Files\Common Files\Oracle\Java\javapath;C:\Program Files\Java\jdk1.8.0_311\bin;C:\Program Files (x86)\Common Files\Oracle\Java\javapath;C:\Windows\system32;C:\Windows;C:\Windows\System32\Wbem;C:\Windows\System32\WindowsPowerShell\v1.0\;C:\Windows\System32\OpenSSH\;C:\Program Files (x86)\Microsoft SQL Server\110\Tools\Binn\;C:\Program Files\Microsoft SQL Server\110\Tools\Binn\;C:\Program Files\Microsoft SQL Server\110\DTS\Binn\;C:\Program Files (x86)\Microsoft SQL Server\150\DTS\Binn\;C:\Program Files\Azure Data Studio\bin;C:\Program Files\Microsoft VS Code\bin;C:\Program Files\nodejs\;C:\Program Files\Git\cmd;C:\Program Files\TortoiseGit\bin;C:\Users\LAN\AppData\Local\Microsoft\WindowsApps;C:\Program Files\Azure Data Studio\bin;C:\Users\LAN\AppData\Roaming\npm;C:\Users\LAN\AppData\Local\GitHubDesktop\bin;.]
01-Mar-2022 21:58:01.195 資訊 [main] org.apache.coyote.AbstractProtocol.init Initializing ProtocolHandler ["http-nio-8080"]
01-Mar-2022 21:58:01.334 資訊 [main] org.apache.tomcat.util.net.NioSelectorPool.getSharedSelector Using a shared selector for servlet write/read
01-Mar-2022 21:58:01.350 資訊 [main] org.apache.catalina.startup.Catalina.load Initialization processed in 696 ms
01-Mar-2022 21:58:01.418 資訊 [main] org.apache.catalina.core.StandardService.startInternal Starting service [Catalina]
01-Mar-2022 21:58:01.418 資訊 [main] org.apache.catalina.core.StandardEngine.startInternal Starting Servlet engine: [Apache Tomcat/8.5.72]
01-Mar-2022 21:58:01.439 資訊 [localhost-startStop-1] org.apache.catalina.startup.HostConfig.deployDirectory Deploying web application directory [D:\xampp\tomcat\webapps\.git]
01-Mar-2022 21:58:01.667 資訊 [localhost-startStop-1] org.apache.catalina.startup.HostConfig.deployDirectory Deployment of web application directory [D:\xampp\tomcat\webapps\.git] has finished in [228] ms
01-Mar-2022 21:58:01.667 資訊 [localhost-startStop-1] org.apache.catalina.startup.HostConfig.deployDirectory Deploying web application directory [D:\xampp\tomcat\webapps\docs]
01-Mar-2022 21:58:01.683 資訊 [localhost-startStop-1] org.apache.catalina.startup.HostConfig.deployDirectory Deployment of web application directory [D:\xampp\tomcat\webapps\docs] has finished in [16] ms
01-Mar-2022 21:58:01.683 資訊 [localhost-startStop-1] org.apache.catalina.startup.HostConfig.deployDirectory Deploying web application directory [D:\xampp\tomcat\webapps\examples]
01-Mar-2022 21:58:01.968 資訊 [localhost-startStop-1] org.apache.catalina.startup.HostConfig.deployDirectory Deployment of web application directory [D:\xampp\tomcat\webapps\examples] has finished in [285] ms
01-Mar-2022 21:58:01.968 資訊 [localhost-startStop-1] org.apache.catalina.startup.HostConfig.deployDirectory Deploying web application directory [D:\xampp\tomcat\webapps\host-manager]
01-Mar-2022 21:58:01.999 資訊 [localhost-startStop-1] org.apache.catalina.startup.HostConfig.deployDirectory Deployment of web application directory [D:\xampp\tomcat\webapps\host-manager] has finished in [31] ms
01-Mar-2022 21:58:01.999 資訊 [localhost-startStop-1] org.apache.catalina.startup.HostConfig.deployDirectory Deploying web application directory [D:\xampp\tomcat\webapps\manager]
01-Mar-2022 21:58:02.031 資訊 [localhost-startStop-1] org.apache.catalina.startup.HostConfig.deployDirectory Deployment of web application directory [D:\xampp\tomcat\webapps\manager] has finished in [32] ms
01-Mar-2022 21:58:02.031 資訊 [localhost-startStop-1] org.apache.catalina.startup.HostConfig.deployDirectory Deploying web application directory [D:\xampp\tomcat\webapps\ROOT]
01-Mar-2022 21:58:02.046 資訊 [localhost-startStop-1] org.apache.catalina.startup.HostConfig.deployDirectory Deployment of web application directory [D:\xampp\tomcat\webapps\ROOT] has finished in [15] ms
01-Mar-2022 21:58:02.046 資訊 [main] org.apache.coyote.AbstractProtocol.start Starting ProtocolHandler ["http-nio-8080"]
01-Mar-2022 21:58:02.046 資訊 [main] org.apache.catalina.startup.Catalina.start Server startup in 708 ms
01-Mar-2022 21:58:02.062 嚴重 [main] org.apache.catalina.core.StandardServer.await StandardServer.await: create[localhost:8005]: 
	java.net.BindException: Address already in use: JVM_Bind
		at java.net.DualStackPlainSocketImpl.bind0(Native Method)
		at java.net.DualStackPlainSocketImpl.socketBind(DualStackPlainSocketImpl.java:102)
		at java.net.AbstractPlainSocketImpl.bind(AbstractPlainSocketImpl.java:513)
		at java.net.PlainSocketImpl.bind(PlainSocketImpl.java:180)
		at java.net.ServerSocket.bind(ServerSocket.java:375)
		at java.net.ServerSocket.<init>(ServerSocket.java:237)
		at org.apache.catalina.core.StandardServer.await(StandardServer.java:414)
		at org.apache.catalina.startup.Catalina.await(Catalina.java:776)
		at org.apache.catalina.startup.Catalina.start(Catalina.java:722)
		at sun.reflect.NativeMethodAccessorImpl.invoke0(Native Method)
		at sun.reflect.NativeMethodAccessorImpl.invoke(NativeMethodAccessorImpl.java:62)
		at sun.reflect.DelegatingMethodAccessorImpl.invoke(DelegatingMethodAccessorImpl.java:43)
		at java.lang.reflect.Method.invoke(Method.java:498)
		at org.apache.catalina.startup.Bootstrap.start(Bootstrap.java:345)
		at org.apache.catalina.startup.Bootstrap.main(Bootstrap.java:476)
01-Mar-2022 21:58:02.062 資訊 [main] org.apache.coyote.AbstractProtocol.pause Pausing ProtocolHandler ["http-nio-8080"]
01-Mar-2022 21:58:02.133 資訊 [main] org.apache.catalina.core.StandardService.stopInternal Stopping service [Catalina]
01-Mar-2022 21:58:02.148 資訊 [main] org.apache.coyote.AbstractProtocol.stop Stopping ProtocolHandler ["http-nio-8080"]
01-Mar-2022 21:58:02.148 資訊 [main] org.apache.coyote.AbstractProtocol.destroy Destroying ProtocolHandler ["http-nio-8080"]
01-Mar-2022 21:58:18.175 資訊 [main] org.apache.catalina.startup.VersionLoggerListener.log Server version name:   Apache Tomcat/8.5.72
01-Mar-2022 21:58:18.180 資訊 [main] org.apache.catalina.startup.VersionLoggerListener.log Server built:          Oct 1 2021 15:15:33 UTC
01-Mar-2022 21:58:18.180 資訊 [main] org.apache.catalina.startup.VersionLoggerListener.log Server version number: 8.5.72.0
01-Mar-2022 21:58:18.180 資訊 [main] org.apache.catalina.startup.VersionLoggerListener.log OS Name:               Windows 10
01-Mar-2022 21:58:18.181 資訊 [main] org.apache.catalina.startup.VersionLoggerListener.log OS Version:            10.0
01-Mar-2022 21:58:18.181 資訊 [main] org.apache.catalina.startup.VersionLoggerListener.log Architecture:          amd64
01-Mar-2022 21:58:18.181 資訊 [main] org.apache.catalina.startup.VersionLoggerListener.log Java Home:             C:\Program Files\Java\jdk1.8.0_311\jre
01-Mar-2022 21:58:18.182 資訊 [main] org.apache.catalina.startup.VersionLoggerListener.log JVM Version:           1.8.0_311-b11
01-Mar-2022 21:58:18.182 資訊 [main] org.apache.catalina.startup.VersionLoggerListener.log JVM Vendor:            Oracle Corporation
01-Mar-2022 21:58:18.182 資訊 [main] org.apache.catalina.startup.VersionLoggerListener.log CATALINA_BASE:         D:\xampp\tomcat
01-Mar-2022 21:58:18.183 資訊 [main] org.apache.catalina.startup.VersionLoggerListener.log CATALINA_HOME:         D:\xampp\tomcat
01-Mar-2022 21:58:18.183 資訊 [main] org.apache.catalina.startup.VersionLoggerListener.log Command line argument: -Djava.util.logging.config.file=D:\xampp\tomcat\conf\logging.properties
01-Mar-2022 21:58:18.184 資訊 [main] org.apache.catalina.startup.VersionLoggerListener.log Command line argument: -Djava.util.logging.manager=org.apache.juli.ClassLoaderLogManager
01-Mar-2022 21:58:18.184 資訊 [main] org.apache.catalina.startup.VersionLoggerListener.log Command line argument: -Djdk.tls.ephemeralDHKeySize=2048
01-Mar-2022 21:58:18.185 資訊 [main] org.apache.catalina.startup.VersionLoggerListener.log Command line argument: -Djava.protocol.handler.pkgs=org.apache.catalina.webresources
01-Mar-2022 21:58:18.185 資訊 [main] org.apache.catalina.startup.VersionLoggerListener.log Command line argument: -Dignore.endorsed.dirs=
01-Mar-2022 21:58:18.185 資訊 [main] org.apache.catalina.startup.VersionLoggerListener.log Command line argument: -Dcatalina.base=D:\xampp\tomcat
01-Mar-2022 21:58:18.186 資訊 [main] org.apache.catalina.startup.VersionLoggerListener.log Command line argument: -Dcatalina.home=D:\xampp\tomcat
01-Mar-2022 21:58:18.187 資訊 [main] org.apache.catalina.startup.VersionLoggerListener.log Command line argument: -Djava.io.tmpdir=D:\xampp\tomcat\temp
01-Mar-2022 21:58:18.187 資訊 [main] org.apache.catalina.core.AprLifecycleListener.lifecycleEvent The Apache Tomcat Native library which allows using OpenSSL was not found on the java.library.path: [C:\Program Files\Java\jdk1.8.0_311\bin;C:\Windows\Sun\Java\bin;C:\Windows\system32;C:\Windows;C:\Program Files\ibm\gsk8\lib64;C:\Program Files\ibm\gsk8\bin;C:\Program Files\Java\jdk-14\bin;C:\Program Files\Java\jdk-11.0.13\bin;C:\Program Files\Common Files\Oracle\Java\javapath;C:\Program Files\Java\jdk1.8.0_311\bin;C:\Program Files (x86)\Common Files\Oracle\Java\javapath;C:\Windows\system32;C:\Windows;C:\Windows\System32\Wbem;C:\Windows\System32\WindowsPowerShell\v1.0\;C:\Windows\System32\OpenSSH\;C:\Program Files (x86)\Microsoft SQL Server\110\Tools\Binn\;C:\Program Files\Microsoft SQL Server\110\Tools\Binn\;C:\Program Files\Microsoft SQL Server\110\DTS\Binn\;C:\Program Files (x86)\Microsoft SQL Server\150\DTS\Binn\;C:\Program Files\Azure Data Studio\bin;C:\Program Files\Microsoft VS Code\bin;C:\Program Files\nodejs\;C:\Program Files\Git\cmd;C:\Program Files\TortoiseGit\bin;C:\Users\LAN\AppData\Local\Microsoft\WindowsApps;C:\Program Files\Azure Data Studio\bin;C:\Users\LAN\AppData\Roaming\npm;C:\Users\LAN\AppData\Local\GitHubDesktop\bin;.]
01-Mar-2022 21:58:18.320 資訊 [main] org.apache.coyote.AbstractProtocol.init Initializing ProtocolHandler ["http-nio-8080"]
01-Mar-2022 21:58:18.429 資訊 [main] org.apache.tomcat.util.net.NioSelectorPool.getSharedSelector Using a shared selector for servlet write/read
01-Mar-2022 21:58:18.450 資訊 [main] org.apache.catalina.startup.Catalina.load Initialization processed in 631 ms
01-Mar-2022 21:58:18.517 資訊 [main] org.apache.catalina.core.StandardService.startInternal Starting service [Catalina]
01-Mar-2022 21:58:18.517 資訊 [main] org.apache.catalina.core.StandardEngine.startInternal Starting Servlet engine: [Apache Tomcat/8.5.72]
01-Mar-2022 21:58:18.532 資訊 [localhost-startStop-1] org.apache.catalina.startup.HostConfig.deployDirectory Deploying web application directory [D:\xampp\tomcat\webapps\.git]
01-Mar-2022 21:58:18.766 資訊 [localhost-startStop-1] org.apache.catalina.startup.HostConfig.deployDirectory Deployment of web application directory [D:\xampp\tomcat\webapps\.git] has finished in [234] ms
01-Mar-2022 21:58:18.766 資訊 [localhost-startStop-1] org.apache.catalina.startup.HostConfig.deployDirectory Deploying web application directory [D:\xampp\tomcat\webapps\docs]
01-Mar-2022 21:58:18.781 資訊 [localhost-startStop-1] org.apache.catalina.startup.HostConfig.deployDirectory Deployment of web application directory [D:\xampp\tomcat\webapps\docs] has finished in [15] ms
01-Mar-2022 21:58:18.781 資訊 [localhost-startStop-1] org.apache.catalina.startup.HostConfig.deployDirectory Deploying web application directory [D:\xampp\tomcat\webapps\examples]
01-Mar-2022 21:58:19.062 資訊 [localhost-startStop-1] org.apache.catalina.startup.HostConfig.deployDirectory Deployment of web application directory [D:\xampp\tomcat\webapps\examples] has finished in [281] ms
01-Mar-2022 21:58:19.062 資訊 [localhost-startStop-1] org.apache.catalina.startup.HostConfig.deployDirectory Deploying web application directory [D:\xampp\tomcat\webapps\host-manager]
01-Mar-2022 21:58:19.094 資訊 [localhost-startStop-1] org.apache.catalina.startup.HostConfig.deployDirectory Deployment of web application directory [D:\xampp\tomcat\webapps\host-manager] has finished in [32] ms
01-Mar-2022 21:58:19.094 資訊 [localhost-startStop-1] org.apache.catalina.startup.HostConfig.deployDirectory Deploying web application directory [D:\xampp\tomcat\webapps\manager]
01-Mar-2022 21:58:19.125 資訊 [localhost-startStop-1] org.apache.catalina.startup.HostConfig.deployDirectory Deployment of web application directory [D:\xampp\tomcat\webapps\manager] has finished in [31] ms
01-Mar-2022 21:58:19.125 資訊 [localhost-startStop-1] org.apache.catalina.startup.HostConfig.deployDirectory Deploying web application directory [D:\xampp\tomcat\webapps\ROOT]
01-Mar-2022 21:58:19.156 資訊 [localhost-startStop-1] org.apache.catalina.startup.HostConfig.deployDirectory Deployment of web application directory [D:\xampp\tomcat\webapps\ROOT] has finished in [31] ms
01-Mar-2022 21:58:19.156 資訊 [main] org.apache.coyote.AbstractProtocol.start Starting ProtocolHandler ["http-nio-8080"]
01-Mar-2022 21:58:19.156 資訊 [main] org.apache.catalina.startup.Catalina.start Server startup in 716 ms
01-Mar-2022 21:58:19.156 嚴重 [main] org.apache.catalina.core.StandardServer.await StandardServer.await: create[localhost:8005]: 
	java.net.BindException: Address already in use: JVM_Bind
		at java.net.DualStackPlainSocketImpl.bind0(Native Method)
		at java.net.DualStackPlainSocketImpl.socketBind(DualStackPlainSocketImpl.java:102)
		at java.net.AbstractPlainSocketImpl.bind(AbstractPlainSocketImpl.java:513)
		at java.net.PlainSocketImpl.bind(PlainSocketImpl.java:180)
		at java.net.ServerSocket.bind(ServerSocket.java:375)
		at java.net.ServerSocket.<init>(ServerSocket.java:237)
		at org.apache.catalina.core.StandardServer.await(StandardServer.java:414)
		at org.apache.catalina.startup.Catalina.await(Catalina.java:776)
		at org.apache.catalina.startup.Catalina.start(Catalina.java:722)
		at sun.reflect.NativeMethodAccessorImpl.invoke0(Native Method)
		at sun.reflect.NativeMethodAccessorImpl.invoke(NativeMethodAccessorImpl.java:62)
		at sun.reflect.DelegatingMethodAccessorImpl.invoke(DelegatingMethodAccessorImpl.java:43)
		at java.lang.reflect.Method.invoke(Method.java:498)
		at org.apache.catalina.startup.Bootstrap.start(Bootstrap.java:345)
		at org.apache.catalina.startup.Bootstrap.main(Bootstrap.java:476)
01-Mar-2022 21:58:19.172 資訊 [main] org.apache.coyote.AbstractProtocol.pause Pausing ProtocolHandler ["http-nio-8080"]
01-Mar-2022 21:58:19.238 資訊 [main] org.apache.catalina.core.StandardService.stopInternal Stopping service [Catalina]
01-Mar-2022 21:58:19.253 資訊 [main] org.apache.coyote.AbstractProtocol.stop Stopping ProtocolHandler ["http-nio-8080"]
01-Mar-2022 21:58:19.253 資訊 [main] org.apache.coyote.AbstractProtocol.destroy Destroying ProtocolHandler ["http-nio-8080"]
01-Mar-2022 21:58:40.175 資訊 [main] org.apache.catalina.startup.VersionLoggerListener.log Server version name:   Apache Tomcat/8.5.72
01-Mar-2022 21:58:40.182 資訊 [main] org.apache.catalina.startup.VersionLoggerListener.log Server built:          Oct 1 2021 15:15:33 UTC
01-Mar-2022 21:58:40.183 資訊 [main] org.apache.catalina.startup.VersionLoggerListener.log Server version number: 8.5.72.0
01-Mar-2022 21:58:40.184 資訊 [main] org.apache.catalina.startup.VersionLoggerListener.log OS Name:               Windows 10
01-Mar-2022 21:58:40.184 資訊 [main] org.apache.catalina.startup.VersionLoggerListener.log OS Version:            10.0
01-Mar-2022 21:58:40.185 資訊 [main] org.apache.catalina.startup.VersionLoggerListener.log Architecture:          amd64
01-Mar-2022 21:58:40.185 資訊 [main] org.apache.catalina.startup.VersionLoggerListener.log Java Home:             C:\Program Files\Java\jdk1.8.0_311\jre
01-Mar-2022 21:58:40.186 資訊 [main] org.apache.catalina.startup.VersionLoggerListener.log JVM Version:           1.8.0_311-b11
01-Mar-2022 21:58:40.186 資訊 [main] org.apache.catalina.startup.VersionLoggerListener.log JVM Vendor:            Oracle Corporation
01-Mar-2022 21:58:40.187 資訊 [main] org.apache.catalina.startup.VersionLoggerListener.log CATALINA_BASE:         D:\xampp\tomcat
01-Mar-2022 21:58:40.188 資訊 [main] org.apache.catalina.startup.VersionLoggerListener.log CATALINA_HOME:         D:\xampp\tomcat
01-Mar-2022 21:58:40.188 資訊 [main] org.apache.catalina.startup.VersionLoggerListener.log Command line argument: -Djava.util.logging.config.file=D:\xampp\tomcat\conf\logging.properties
01-Mar-2022 21:58:40.189 資訊 [main] org.apache.catalina.startup.VersionLoggerListener.log Command line argument: -Djava.util.logging.manager=org.apache.juli.ClassLoaderLogManager
01-Mar-2022 21:58:40.189 資訊 [main] org.apache.catalina.startup.VersionLoggerListener.log Command line argument: -Djdk.tls.ephemeralDHKeySize=2048
01-Mar-2022 21:58:40.190 資訊 [main] org.apache.catalina.startup.VersionLoggerListener.log Command line argument: -Djava.protocol.handler.pkgs=org.apache.catalina.webresources
01-Mar-2022 21:58:40.190 資訊 [main] org.apache.catalina.startup.VersionLoggerListener.log Command line argument: -Dignore.endorsed.dirs=
01-Mar-2022 21:58:40.191 資訊 [main] org.apache.catalina.startup.VersionLoggerListener.log Command line argument: -Dcatalina.base=D:\xampp\tomcat
01-Mar-2022 21:58:40.191 資訊 [main] org.apache.catalina.startup.VersionLoggerListener.log Command line argument: -Dcatalina.home=D:\xampp\tomcat
01-Mar-2022 21:58:40.192 資訊 [main] org.apache.catalina.startup.VersionLoggerListener.log Command line argument: -Djava.io.tmpdir=D:\xampp\tomcat\temp
01-Mar-2022 21:58:40.193 資訊 [main] org.apache.catalina.core.AprLifecycleListener.lifecycleEvent The Apache Tomcat Native library which allows using OpenSSL was not found on the java.library.path: [C:\Program Files\Java\jdk1.8.0_311\bin;C:\Windows\Sun\Java\bin;C:\Windows\system32;C:\Windows;C:\Program Files\ibm\gsk8\lib64;C:\Program Files\ibm\gsk8\bin;C:\Program Files\Java\jdk-14\bin;C:\Program Files\Java\jdk-11.0.13\bin;C:\Program Files\Common Files\Oracle\Java\javapath;C:\Program Files\Java\jdk1.8.0_311\bin;C:\Program Files (x86)\Common Files\Oracle\Java\javapath;C:\Windows\system32;C:\Windows;C:\Windows\System32\Wbem;C:\Windows\System32\WindowsPowerShell\v1.0\;C:\Windows\System32\OpenSSH\;C:\Program Files (x86)\Microsoft SQL Server\110\Tools\Binn\;C:\Program Files\Microsoft SQL Server\110\Tools\Binn\;C:\Program Files\Microsoft SQL Server\110\DTS\Binn\;C:\Program Files (x86)\Microsoft SQL Server\150\DTS\Binn\;C:\Program Files\Azure Data Studio\bin;C:\Program Files\Microsoft VS Code\bin;C:\Program Files\nodejs\;C:\Program Files\Git\cmd;C:\Program Files\TortoiseGit\bin;C:\Users\LAN\AppData\Local\Microsoft\WindowsApps;C:\Program Files\Azure Data Studio\bin;C:\Users\LAN\AppData\Roaming\npm;C:\Users\LAN\AppData\Local\GitHubDesktop\bin;.]
01-Mar-2022 21:58:40.351 資訊 [main] org.apache.coyote.AbstractProtocol.init Initializing ProtocolHandler ["http-nio-8080"]
01-Mar-2022 21:58:40.458 資訊 [main] org.apache.tomcat.util.net.NioSelectorPool.getSharedSelector Using a shared selector for servlet write/read
01-Mar-2022 21:58:40.472 資訊 [main] org.apache.catalina.startup.Catalina.load Initialization processed in 684 ms
01-Mar-2022 21:58:40.557 資訊 [main] org.apache.catalina.core.StandardService.startInternal Starting service [Catalina]
01-Mar-2022 21:58:40.557 資訊 [main] org.apache.catalina.core.StandardEngine.startInternal Starting Servlet engine: [Apache Tomcat/8.5.72]
01-Mar-2022 21:58:40.566 資訊 [localhost-startStop-1] org.apache.catalina.startup.HostConfig.deployDirectory Deploying web application directory [D:\xampp\tomcat\webapps\.git]
01-Mar-2022 21:58:40.807 資訊 [localhost-startStop-1] org.apache.catalina.startup.HostConfig.deployDirectory Deployment of web application directory [D:\xampp\tomcat\webapps\.git] has finished in [240] ms
01-Mar-2022 21:58:40.808 資訊 [localhost-startStop-1] org.apache.catalina.startup.HostConfig.deployDirectory Deploying web application directory [D:\xampp\tomcat\webapps\docs]
01-Mar-2022 21:58:40.828 資訊 [localhost-startStop-1] org.apache.catalina.startup.HostConfig.deployDirectory Deployment of web application directory [D:\xampp\tomcat\webapps\docs] has finished in [20] ms
01-Mar-2022 21:58:40.828 資訊 [localhost-startStop-1] org.apache.catalina.startup.HostConfig.deployDirectory Deploying web application directory [D:\xampp\tomcat\webapps\examples]
01-Mar-2022 21:58:41.123 資訊 [localhost-startStop-1] org.apache.catalina.startup.HostConfig.deployDirectory Deployment of web application directory [D:\xampp\tomcat\webapps\examples] has finished in [295] ms
01-Mar-2022 21:58:41.124 資訊 [localhost-startStop-1] org.apache.catalina.startup.HostConfig.deployDirectory Deploying web application directory [D:\xampp\tomcat\webapps\host-manager]
01-Mar-2022 21:58:41.149 資訊 [localhost-startStop-1] org.apache.catalina.startup.HostConfig.deployDirectory Deployment of web application directory [D:\xampp\tomcat\webapps\host-manager] has finished in [25] ms
01-Mar-2022 21:58:41.149 資訊 [localhost-startStop-1] org.apache.catalina.startup.HostConfig.deployDirectory Deploying web application directory [D:\xampp\tomcat\webapps\manager]
01-Mar-2022 21:58:41.181 資訊 [localhost-startStop-1] org.apache.catalina.startup.HostConfig.deployDirectory Deployment of web application directory [D:\xampp\tomcat\webapps\manager] has finished in [32] ms
01-Mar-2022 21:58:41.182 資訊 [localhost-startStop-1] org.apache.catalina.startup.HostConfig.deployDirectory Deploying web application directory [D:\xampp\tomcat\webapps\ROOT]
01-Mar-2022 21:58:41.201 資訊 [localhost-startStop-1] org.apache.catalina.startup.HostConfig.deployDirectory Deployment of web application directory [D:\xampp\tomcat\webapps\ROOT] has finished in [19] ms
01-Mar-2022 21:58:41.204 資訊 [main] org.apache.coyote.AbstractProtocol.start Starting ProtocolHandler ["http-nio-8080"]
01-Mar-2022 21:58:41.213 資訊 [main] org.apache.catalina.startup.Catalina.start Server startup in 740 ms
01-Mar-2022 21:59:11.736 資訊 [ContainerBackgroundProcessor[StandardEngine[Catalina]]] org.apache.catalina.startup.HostConfig.undeploy Undeploying context [/.git]
